<?xml version="1.0" encoding="UTF-8"?>
<!-- Generated by org.testng.reporters.JUnitReportReporter -->
<testsuite skipped="0" hostname="LAPTOP-UK7PKGHG" name="testNGOne.TestOne" tests="2" failures="0" timestamp="28 Jul 2019 07:00:09 GMT" time="0.015" errors="0">
  <testcase name="loginone" time="0.013" classname="testNGOne.TestOne"/>
  <testcase name="registartion" time="0.002" classname="testNGOne.TestOne"/>
</testsuite> <!-- testNGOne.TestOne -->
