<?xml version="1.0" encoding="UTF-8"?>
<!-- Generated by org.testng.reporters.JUnitReportReporter -->
<testsuite hostname="LAPTOP-UK7PKGHG" name="testNGforJenkins.TestOne" tests="2" failures="0" timestamp="4 Aug 2019 07:03:37 GMT" time="0.017" errors="0">
  <testcase name="loginone" time="0.017" classname="testNGforJenkins.TestOne"/>
  <testcase name="registartion" time="0.000" classname="testNGforJenkins.TestOne"/>
</testsuite>
