<?xml version="1.0" encoding="UTF-8"?>
<!-- Generated by org.testng.reporters.JUnitReportReporter -->
<testsuite skipped="0" hostname="LAPTOP-UK7PKGHG" name="testNGOne.DataProvDemo" tests="2" failures="0" timestamp="28 Jul 2019 07:00:09 GMT" time="0.002" errors="0">
  <testcase name="loginfb" time="0.001" classname="testNGOne.DataProvDemo"/>
  <testcase name="loginfb" time="0.001" classname="testNGOne.DataProvDemo"/>
</testsuite> <!-- testNGOne.DataProvDemo -->
