<?xml version="1.0" encoding="UTF-8"?>
<!-- Generated by org.testng.reporters.JUnitReportReporter -->
<testsuite skipped="0" hostname="LAPTOP-UK7PKGHG" name="testNGDemo.VerifyLogin7" tests="2" failures="0" timestamp="28 Jul 2019 06:19:22 GMT" time="0.019" errors="0">
  <testcase name="a" time="0.017" classname="testNGDemo.VerifyLogin7"/>
  <testcase name="b" time="0.002" classname="testNGDemo.VerifyLogin7"/>
</testsuite> <!-- testNGDemo.VerifyLogin7 -->
