<?xml version="1.0" encoding="UTF-8"?>
<!-- Generated by org.testng.reporters.JUnitReportReporter -->
<testsuite hostname="LAPTOP-UK7PKGHG" name="testNGforJenkins.VerifyLogin11" tests="1" failures="0" timestamp="4 Aug 2019 07:03:37 GMT" time="0.000" errors="0">
  <testcase name="a" time="0.000" classname="testNGforJenkins.VerifyLogin11"/>
</testsuite>
