<?xml version="1.0" encoding="UTF-8"?>
<!-- Generated by org.testng.reporters.JUnitReportReporter -->
<testsuite skipped="0" hostname="LAPTOP-UK7PKGHG" name="pomDemo.ExcelDemo" tests="1" failures="0" timestamp="03 Aug 2019 06:57:13 GMT" time="14.932" errors="0">
  <testcase name="facebooklogin" time="14.932" classname="pomDemo.ExcelDemo"/>
</testsuite> <!-- pomDemo.ExcelDemo -->
