<?xml version="1.0" encoding="UTF-8"?>
<!-- Generated by org.testng.reporters.JUnitReportReporter -->
<testsuite skipped="1" hostname="LAPTOP-UK7PKGHG" name="testNGDemo.VerifyLogin9" tests="3" failures="0" timestamp="28 Jul 2019 06:41:13 GMT" time="0.017" errors="0">
  <testcase name="a" time="0.014" classname="testNGDemo.VerifyLogin9"/>
  <testcase name="c" time="0.003" classname="testNGDemo.VerifyLogin9"/>
  <testcase name="b" classname="testNGDemo.VerifyLogin9">
    <skipped/>
  </testcase> <!-- b -->
</testsuite> <!-- testNGDemo.VerifyLogin9 -->
