<?xml version="1.0" encoding="UTF-8"?>
<!-- Generated by org.testng.reporters.JUnitReportReporter -->
<testsuite skipped="0" hostname="LAPTOP-UK7PKGHG" name="testNGDemo.VerifyLogin" tests="3" failures="0" timestamp="03 Aug 2019 10:23:28 GMT" time="0.014" errors="0">
  <testcase name="mobilebuy" time="0.002" classname="testNGDemo.VerifyLogin"/>
  <testcase name="registartion" time="0.000" classname="testNGDemo.VerifyLogin"/>
  <testcase name="loginone" time="0.012" classname="testNGDemo.VerifyLogin"/>
</testsuite> <!-- testNGDemo.VerifyLogin -->
