<?xml version="1.0" encoding="UTF-8"?>
<!-- Generated by org.testng.reporters.JUnitReportReporter -->
<testsuite skipped="0" hostname="LAPTOP-UK7PKGHG" name="testNGDemo.VerifyLogin6" tests="5" failures="0" timestamp="28 Jul 2019 06:13:21 GMT" time="0.029" errors="0">
  <testcase name="da" time="0.020" classname="testNGDemo.VerifyLogin6"/>
  <testcase name="db" time="0.003" classname="testNGDemo.VerifyLogin6"/>
  <testcase name="c" time="0.002" classname="testNGDemo.VerifyLogin6"/>
  <testcase name="b" time="0.001" classname="testNGDemo.VerifyLogin6"/>
  <testcase name="a" time="0.003" classname="testNGDemo.VerifyLogin6"/>
</testsuite> <!-- testNGDemo.VerifyLogin6 -->
