<?xml version="1.0" encoding="UTF-8"?>
<!-- Generated by org.testng.reporters.JUnitReportReporter -->
<testsuite skipped="0" hostname="LAPTOP-UK7PKGHG" name="testNGDemo.VerifyLogin2" tests="3" failures="0" timestamp="28 Jul 2019 05:56:13 GMT" time="0.023" errors="0">
  <testcase name="Abce" time="0.002" classname="testNGDemo.VerifyLogin2"/>
  <testcase name="Abc" time="0.018" classname="testNGDemo.VerifyLogin2"/>
  <testcase name="Abcd" time="0.003" classname="testNGDemo.VerifyLogin2"/>
</testsuite> <!-- testNGDemo.VerifyLogin2 -->
