<?xml version="1.0" encoding="UTF-8"?>
<!-- Generated by org.testng.reporters.JUnitReportReporter -->
<testsuite skipped="0" hostname="LAPTOP-UK7PKGHG" name="testNGDemo.VerifyLogin3" tests="3" failures="0" timestamp="28 Jul 2019 05:59:21 GMT" time="0.022" errors="0">
  <testcase name="Abcd" time="0.012" classname="testNGDemo.VerifyLogin3"/>
  <testcase name="Abce" time="0.007" classname="testNGDemo.VerifyLogin3"/>
  <testcase name="Abc" time="0.003" classname="testNGDemo.VerifyLogin3"/>
</testsuite> <!-- testNGDemo.VerifyLogin3 -->
