<?xml version="1.0" encoding="UTF-8"?>
<!-- Generated by org.testng.reporters.JUnitReportReporter -->
<testsuite skipped="0" hostname="LAPTOP-UK7PKGHG" name="pomDemo.PropDemo" tests="1" failures="0" timestamp="03 Aug 2019 06:22:02 GMT" time="10.669" errors="0">
  <testcase name="facebooklogin" time="10.669" classname="pomDemo.PropDemo"/>
</testsuite> <!-- pomDemo.PropDemo -->
