<?xml version="1.0" encoding="UTF-8"?>
<!-- Generated by org.testng.reporters.JUnitReportReporter -->
<testsuite skipped="0" hostname="LAPTOP-UK7PKGHG" name="testNGDemo.VerifyLogin4" tests="6" failures="0" timestamp="28 Jul 2019 06:01:37 GMT" time="0.022" errors="0">
  <testcase name="Abcd" time="0.010" classname="testNGDemo.VerifyLogin4"/>
  <testcase name="Abceg" time="0.001" classname="testNGDemo.VerifyLogin4"/>
  <testcase name="Abcegw" time="0.006" classname="testNGDemo.VerifyLogin4"/>
  <testcase name="Abcdg" time="0.001" classname="testNGDemo.VerifyLogin4"/>
  <testcase name="Abc" time="0.002" classname="testNGDemo.VerifyLogin4"/>
  <testcase name="Abcg" time="0.002" classname="testNGDemo.VerifyLogin4"/>
</testsuite> <!-- testNGDemo.VerifyLogin4 -->
