<?xml version="1.0" encoding="UTF-8"?>
<!-- Generated by org.testng.reporters.JUnitReportReporter -->
<testsuite skipped="0" hostname="LAPTOP-UK7PKGHG" name="testNGDemo.VerifyLogin8" tests="2" failures="0" timestamp="28 Jul 2019 06:24:23 GMT" time="0.012" errors="0">
  <testcase name="b" time="0.002" classname="testNGDemo.VerifyLogin8"/>
  <testcase name="a" time="0.010" classname="testNGDemo.VerifyLogin8"/>
</testsuite> <!-- testNGDemo.VerifyLogin8 -->
