<?xml version="1.0" encoding="UTF-8"?>
<!-- Generated by org.testng.reporters.JUnitReportReporter -->
<testsuite skipped="0" hostname="LAPTOP-UK7PKGHG" name="testNGOne.VerifyLogin11" tests="2" failures="0" timestamp="28 Jul 2019 07:00:09 GMT" time="0.004" errors="0">
  <testcase name="a" time="0.002" classname="testNGOne.VerifyLogin11"/>
  <testcase name="b" time="0.002" classname="testNGOne.VerifyLogin11"/>
</testsuite> <!-- testNGOne.VerifyLogin11 -->
