<?xml version="1.0" encoding="UTF-8"?>
<!-- Generated by org.testng.reporters.JUnitReportReporter -->
<testsuite hostname="LAPTOP-UK7PKGHG" name="testNGforJenkins.VerifyLogin10" tests="1" failures="0" timestamp="4 Aug 2019 07:03:37 GMT" time="0.001" errors="0">
  <testcase name="c" time="0.001" classname="testNGforJenkins.VerifyLogin10"/>
</testsuite>
