<?xml version="1.0" encoding="UTF-8"?>
<!-- Generated by org.testng.reporters.JUnitReportReporter -->
<testsuite skipped="0" hostname="LAPTOP-UK7PKGHG" name="testNGreports.TestNGExtentreport" tests="3" failures="0" timestamp="03 Aug 2019 10:25:02 GMT" time="0.018" errors="0">
  <testcase name="Bregistartion" time="0.004" classname="testNGreports.TestNGExtentreport"/>
  <testcase name="Cmobilebuy" time="0.002" classname="testNGreports.TestNGExtentreport"/>
  <testcase name="Aloginone" time="0.012" classname="testNGreports.TestNGExtentreport"/>
</testsuite> <!-- testNGreports.TestNGExtentreport -->
